TN:
SF:src\character.js
FN:2,(anonymous_0)
FN:18,(anonymous_1)
FN:26,(anonymous_2)
FN:34,(anonymous_3)
FN:42,(anonymous_4)
FN:50,(anonymous_5)
FN:58,(anonymous_6)
FNF:7
FNH:7
FNDA:8,(anonymous_0)
FNDA:2,(anonymous_1)
FNDA:1,(anonymous_2)
FNDA:1,(anonymous_3)
FNDA:1,(anonymous_4)
FNDA:1,(anonymous_5)
FNDA:1,(anonymous_6)
DA:3,8
DA:4,8
DA:5,6
DA:7,2
DA:8,1
DA:10,1
DA:11,1
DA:12,1
DA:13,1
DA:19,2
DA:20,1
DA:21,1
DA:27,1
DA:28,0
DA:29,0
DA:35,1
DA:36,0
DA:37,0
DA:43,1
DA:44,0
DA:45,0
DA:51,1
DA:52,0
DA:53,0
DA:59,1
DA:60,0
DA:61,0
LF:27
LH:17
BRDA:4,0,0,6
BRDA:4,0,1,2
BRDA:4,1,0,8
BRDA:4,1,1,2
BRDA:7,2,0,1
BRDA:7,2,1,1
BRF:6
BRH:6
end_of_record
